Picked up JAVA_TOOL_OPTIONS: -Xmx1879m
Spark Command: /home/gitpod/.sdkman/candidates/java/current/bin/java -cp /workspace/example-airflow-and-spark/spark-3.1.1-bin-hadoop2.7/conf/:/workspace/example-airflow-and-spark/spark-3.1.1-bin-hadoop2.7/jars/* -Xmx1g org.apache.spark.deploy.master.Master --host ws-303b6e15-c3c9-41fb-990b-da82f58edc2c --port 7077 --webui-port 8080
========================================
Picked up JAVA_TOOL_OPTIONS: -Xmx1879m
Using Spark's default log4j profile: org/apache/spark/log4j-defaults.properties
21/07/23 21:49:13 INFO Master: Started daemon with process name: 1999@ws-303b6e15-c3c9-41fb-990b-da82f58edc2c
21/07/23 21:49:13 INFO SignalUtils: Registering signal handler for TERM
21/07/23 21:49:13 INFO SignalUtils: Registering signal handler for HUP
21/07/23 21:49:13 INFO SignalUtils: Registering signal handler for INT
WARNING: An illegal reflective access operation has occurred
WARNING: Illegal reflective access by org.apache.spark.unsafe.Platform (file:/workspace/example-airflow-and-spark/spark-3.1.1-bin-hadoop2.7/jars/spark-unsafe_2.12-3.1.1.jar) to constructor java.nio.DirectByteBuffer(long,int)
WARNING: Please consider reporting this to the maintainers of org.apache.spark.unsafe.Platform
WARNING: Use --illegal-access=warn to enable warnings of further illegal reflective access operations
WARNING: All illegal access operations will be denied in a future release
21/07/23 21:49:13 WARN NativeCodeLoader: Unable to load native-hadoop library for your platform... using builtin-java classes where applicable
21/07/23 21:49:13 INFO SecurityManager: Changing view acls to: gitpod
21/07/23 21:49:13 INFO SecurityManager: Changing modify acls to: gitpod
21/07/23 21:49:13 INFO SecurityManager: Changing view acls groups to: 
21/07/23 21:49:13 INFO SecurityManager: Changing modify acls groups to: 
21/07/23 21:49:13 INFO SecurityManager: SecurityManager: authentication disabled; ui acls disabled; users  with view permissions: Set(gitpod); groups with view permissions: Set(); users  with modify permissions: Set(gitpod); groups with modify permissions: Set()
21/07/23 21:49:14 INFO Utils: Successfully started service 'sparkMaster' on port 7077.
21/07/23 21:49:14 INFO Master: Starting Spark master at spark://ws-303b6e15-c3c9-41fb-990b-da82f58edc2c:7077
21/07/23 21:49:14 INFO Master: Running Spark version 3.1.1
21/07/23 21:49:14 WARN Utils: Service 'MasterUI' could not bind on port 8080. Attempting port 8081.
21/07/23 21:49:14 INFO Utils: Successfully started service 'MasterUI' on port 8081.
21/07/23 21:49:14 INFO MasterWebUI: Bound MasterWebUI to 0.0.0.0, and started at http://ws-303b6e15-c3c9-41fb-990b-da82f58edc2c:8081
21/07/23 21:49:14 INFO Master: I have been elected leader! New state: ALIVE
