Picked up JAVA_TOOL_OPTIONS: -Xmx1879m
Spark Command: /home/gitpod/.sdkman/candidates/java/current/bin/java -cp /workspace/example-airflow-and-spark/spark-3.1.1-bin-hadoop2.7/conf/:/workspace/example-airflow-and-spark/spark-3.1.1-bin-hadoop2.7/jars/* -Xmx1g org.apache.spark.deploy.worker.Worker --webui-port 8081 https://8081-aquamarine-constrictor-g15a4lj5.ws-eu11.gitpod.io/
========================================
Picked up JAVA_TOOL_OPTIONS: -Xmx1879m
Using Spark's default log4j profile: org/apache/spark/log4j-defaults.properties
21/07/25 13:29:10 INFO Worker: Started daemon with process name: 2021@ws-d57f3cbb-edae-48ef-a75a-24d02cd3324b
21/07/25 13:29:10 INFO SignalUtils: Registering signal handler for TERM
21/07/25 13:29:10 INFO SignalUtils: Registering signal handler for HUP
21/07/25 13:29:10 INFO SignalUtils: Registering signal handler for INT
WARNING: An illegal reflective access operation has occurred
WARNING: Illegal reflective access by org.apache.spark.unsafe.Platform (file:/workspace/example-airflow-and-spark/spark-3.1.1-bin-hadoop2.7/jars/spark-unsafe_2.12-3.1.1.jar) to constructor java.nio.DirectByteBuffer(long,int)
WARNING: Please consider reporting this to the maintainers of org.apache.spark.unsafe.Platform
WARNING: Use --illegal-access=warn to enable warnings of further illegal reflective access operations
WARNING: All illegal access operations will be denied in a future release
21/07/25 13:29:10 WARN NativeCodeLoader: Unable to load native-hadoop library for your platform... using builtin-java classes where applicable
21/07/25 13:29:10 INFO SecurityManager: Changing view acls to: gitpod
21/07/25 13:29:10 INFO SecurityManager: Changing modify acls to: gitpod
21/07/25 13:29:10 INFO SecurityManager: Changing view acls groups to: 
21/07/25 13:29:10 INFO SecurityManager: Changing modify acls groups to: 
21/07/25 13:29:10 INFO SecurityManager: SecurityManager: authentication disabled; ui acls disabled; users  with view permissions: Set(gitpod); groups with view permissions: Set(); users  with modify permissions: Set(gitpod); groups with modify permissions: Set()
21/07/25 13:29:11 INFO Utils: Successfully started service 'sparkWorker' on port 38647.
21/07/25 13:29:11 ERROR SparkUncaughtExceptionHandler: Uncaught exception in thread Thread[main,5,main]
org.apache.spark.SparkException: Invalid master URL: spark://https://8081-aquamarine-constrictor-g15a4lj5.ws-eu11.gitpod.io/
	at org.apache.spark.util.Utils$.extractHostPortFromSparkUrl(Utils.scala:2461)
	at org.apache.spark.rpc.RpcAddress$.fromSparkURL(RpcAddress.scala:47)
	at org.apache.spark.deploy.worker.Worker$.$anonfun$startRpcEnvAndEndpoint$3(Worker.scala:903)
	at scala.collection.TraversableLike.$anonfun$map$1(TraversableLike.scala:238)
	at scala.collection.IndexedSeqOptimized.foreach(IndexedSeqOptimized.scala:36)
	at scala.collection.IndexedSeqOptimized.foreach$(IndexedSeqOptimized.scala:33)
	at scala.collection.mutable.ArrayOps$ofRef.foreach(ArrayOps.scala:198)
	at scala.collection.TraversableLike.map(TraversableLike.scala:238)
	at scala.collection.TraversableLike.map$(TraversableLike.scala:231)
	at scala.collection.mutable.ArrayOps$ofRef.map(ArrayOps.scala:198)
	at org.apache.spark.deploy.worker.Worker$.startRpcEnvAndEndpoint(Worker.scala:903)
	at org.apache.spark.deploy.worker.Worker$.main(Worker.scala:872)
	at org.apache.spark.deploy.worker.Worker.main(Worker.scala)
21/07/25 13:29:11 INFO ShutdownHookManager: Shutdown hook called
